[debug] [2023-03-31T18:12:48.404Z] ----------------------------------------------------------------------
[debug] [2023-03-31T18:12:48.406Z] Command:       C:\Program Files\nodejs\node.exe C:\Users\Mayan\AppData\Roaming\npm\node_modules\firebase-tools\lib\bin\firebase.js emulators:start --only functions
[debug] [2023-03-31T18:12:48.406Z] CLI Version:   11.25.2
[debug] [2023-03-31T18:12:48.406Z] Platform:      win32
[debug] [2023-03-31T18:12:48.407Z] Node Version:  v18.15.0
[debug] [2023-03-31T18:12:48.407Z] Time:          Fri Mar 31 2023 14:12:48 GMT-0400 (Eastern Daylight Saving Time)
[debug] [2023-03-31T18:12:48.407Z] ----------------------------------------------------------------------
[debug] 
[debug] [2023-03-31T18:12:48.496Z] > command requires scopes: ["email","openid","https://www.googleapis.com/auth/cloudplatformprojects.readonly","https://www.googleapis.com/auth/firebase","https://www.googleapis.com/auth/cloud-platform"]
[debug] [2023-03-31T18:12:48.497Z] > authorizing via signed-in user (mayankcanada24@gmail.com)
[info] i  emulators: Starting emulators: functions {"metadata":{"emulator":{"name":"hub"},"message":"Starting emulators: functions"}}
[debug] [2023-03-31T18:12:48.504Z] [logging] Logging Emulator only supports listening on one address (127.0.0.1). Not listening on ::1
[debug] [2023-03-31T18:12:48.504Z] assigned listening specs for emulators {"user":{"hub":[{"address":"127.0.0.1","family":"IPv4","port":4400},{"address":"::1","family":"IPv6","port":4400}],"ui":[{"address":"127.0.0.1","family":"IPv4","port":4000},{"address":"::1","family":"IPv6","port":4000}],"logging":[{"address":"127.0.0.1","family":"IPv4","port":4500}]},"metadata":{"message":"assigned listening specs for emulators"}}
[debug] [2023-03-31T18:12:48.511Z] [hub] writing locator at C:\Users\Mayan\AppData\Local\Temp\hub-honours-project-24ce1.json
[debug] [2023-03-31T18:12:48.526Z] [functions] Functions Emulator only supports listening on one address (127.0.0.1). Not listening on ::1
[debug] [2023-03-31T18:12:48.527Z] [eventarc] Eventarc Emulator only supports listening on one address (127.0.0.1). Not listening on ::1
[debug] [2023-03-31T18:12:48.527Z] late-assigned ports for functions and eventarc emulators {"user":{"hub":[{"address":"127.0.0.1","family":"IPv4","port":4400},{"address":"::1","family":"IPv6","port":4400}],"ui":[{"address":"127.0.0.1","family":"IPv4","port":4000},{"address":"::1","family":"IPv6","port":4000}],"logging":[{"address":"127.0.0.1","family":"IPv4","port":4500}],"functions":[{"address":"127.0.0.1","family":"IPv4","port":5001}],"eventarc":[{"address":"127.0.0.1","family":"IPv4","port":9299}]},"metadata":{"message":"late-assigned ports for functions and eventarc emulators"}}
[warn] !  functions: The following emulators are not running, calls to these services from the Functions emulator will affect production: auth, firestore, database, hosting, pubsub, storage {"metadata":{"emulator":{"name":"functions"},"message":"The following emulators are not running, calls to these services from the Functions emulator will affect production: \u001b[1mauth, firestore, database, hosting, pubsub, storage\u001b[22m"}}
[debug] [2023-03-31T18:12:48.531Z] defaultcredentials: writing to file C:\Users\Mayan\AppData\Roaming\firebase\mayankcanada24_gmail_com_application_default_credentials.json
[debug] [2023-03-31T18:12:48.534Z] Setting GAC to C:\Users\Mayan\AppData\Roaming\firebase\mayankcanada24_gmail_com_application_default_credentials.json {"metadata":{"emulator":{"name":"functions"},"message":"Setting GAC to C:\\Users\\Mayan\\AppData\\Roaming\\firebase\\mayankcanada24_gmail_com_application_default_credentials.json"}}
[debug] [2023-03-31T18:12:48.535Z] > refreshing access token with scopes: []
[debug] [2023-03-31T18:12:48.536Z] >>> [apiv2][query] POST https://www.googleapis.com/oauth2/v3/token [none]
[debug] [2023-03-31T18:12:48.536Z] >>> [apiv2][body] POST https://www.googleapis.com/oauth2/v3/token [omitted]
[debug] [2023-03-31T18:12:48.713Z] <<< [apiv2][status] POST https://www.googleapis.com/oauth2/v3/token 200
[debug] [2023-03-31T18:12:48.713Z] <<< [apiv2][body] POST https://www.googleapis.com/oauth2/v3/token [omitted]
[debug] [2023-03-31T18:12:48.719Z] >>> [apiv2][query] GET https://firebase.googleapis.com/v1beta1/projects/honours-project-24ce1/adminSdkConfig [none]
[debug] [2023-03-31T18:12:48.991Z] <<< [apiv2][status] GET https://firebase.googleapis.com/v1beta1/projects/honours-project-24ce1/adminSdkConfig 200
[debug] [2023-03-31T18:12:48.991Z] <<< [apiv2][body] GET https://firebase.googleapis.com/v1beta1/projects/honours-project-24ce1/adminSdkConfig {"projectId":"honours-project-24ce1","storageBucket":"honours-project-24ce1.appspot.com"}
[debug] [2023-03-31T18:12:49.013Z] Ignoring unsupported arg: auto_download {"metadata":{"emulator":{"name":"ui"},"message":"Ignoring unsupported arg: auto_download"}}
[debug] [2023-03-31T18:12:49.013Z] Ignoring unsupported arg: port {"metadata":{"emulator":{"name":"ui"},"message":"Ignoring unsupported arg: port"}}
[debug] [2023-03-31T18:12:49.013Z] Starting Emulator UI with command {"binary":"node","args":["C:\\Users\\Mayan\\.cache\\firebase\\emulators\\ui-v1.11.4\\server\\server.js"],"optionalArgs":[],"joinArgs":false} {"metadata":{"emulator":{"name":"ui"},"message":"Starting Emulator UI with command {\"binary\":\"node\",\"args\":[\"C:\\\\Users\\\\Mayan\\\\.cache\\\\firebase\\\\emulators\\\\ui-v1.11.4\\\\server\\\\server.js\"],\"optionalArgs\":[],\"joinArgs\":false}"}}
[info] i  ui: Emulator UI logging to ui-debug.log {"metadata":{"emulator":{"name":"ui"},"message":"Emulator UI logging to \u001b[1mui-debug.log\u001b[22m"}}
[debug] [2023-03-31T18:12:49.106Z] Web / API server started at 127.0.0.1:4000
 {"metadata":{"emulator":{"name":"ui"},"message":"Web / API server started at 127.0.0.1:4000\n"}}
[debug] [2023-03-31T18:12:49.107Z] Web / API server started at ::1:4000
 {"metadata":{"emulator":{"name":"ui"},"message":"Web / API server started at ::1:4000\n"}}
[info] i  functions: Watching "C:\Users\Mayan\Documents\Code\School Work\HonoursProject\functions" for Cloud Functions... {"metadata":{"emulator":{"name":"functions"},"message":"Watching \"C:\\Users\\Mayan\\Documents\\Code\\School Work\\HonoursProject\\functions\" for Cloud Functions..."}}
[debug] [2023-03-31T18:12:49.290Z] Validating nodejs source
[debug] [2023-03-31T18:12:50.495Z] > [functions] package.json contents: {
  "name": "functions",
  "description": "Cloud Functions for Firebase",
  "scripts": {
    "serve": "firebase emulators:start --only functions",
    "shell": "firebase functions:shell",
    "start": "npm run shell",
    "deploy": "firebase deploy --only functions",
    "logs": "firebase functions:log"
  },
  "engines": {
    "node": "18"
  },
  "main": "index.js",
  "dependencies": {
    "express": "^4.18.2",
    "firebase-admin": "^11.5.0",
    "firebase-functions": "^4.2.0",
    "path": "^0.12.7",
    "querystring": "^0.2.1",
    "request": "^2.88.2"
  },
  "devDependencies": {
    "eslint": "^8.15.0",
    "eslint-config-google": "^0.14.0",
    "firebase-functions-test": "^3.0.0"
  },
  "private": true
}
[debug] [2023-03-31T18:12:50.495Z] Building nodejs source
[debug] [2023-03-31T18:12:50.496Z] Failed to find version of module node: reached end of search path C:\Users\Mayan\Documents\Code\School Work\HonoursProject\functions\node_modules
[info] +  functions: Using node@18 from host. 
[debug] [2023-03-31T18:12:50.497Z] Could not find functions.yaml. Must use http discovery
[debug] [2023-03-31T18:12:50.501Z] Found firebase-functions binary at 'C:\Users\Mayan\Documents\Code\School Work\HonoursProject\functions\node_modules\.bin\firebase-functions'
[debug] [2023-03-31T18:12:50.707Z] Serving at port 8628

[debug] [2023-03-31T18:12:51.134Z] Got response from /__/functions.yaml {"endpoints":{"testing":{"platform":"gcfv1","availableMemoryMb":null,"timeoutSeconds":null,"minInstances":null,"maxInstances":null,"ingressSettings":null,"serviceAccountEmail":null,"vpc":null,"httpsTrigger":{},"entryPoint":"testing"},"app":{"platform":"gcfv1","availableMemoryMb":null,"timeoutSeconds":null,"minInstances":null,"maxInstances":null,"ingressSettings":null,"serviceAccountEmail":null,"vpc":null,"httpsTrigger":{},"entryPoint":"app"}},"specVersion":"v1alpha1","requiredAPIs":[]}
[debug] [2023-03-31T18:12:51.140Z] shutdown requested via /__/quitquitquit

[info] +  functions: Loaded functions definitions from source: testing, app. {"metadata":{"emulator":{"name":"functions"},"message":"Loaded functions definitions from source: testing, app."}}
[info] +  functions[us-central1-testing]: http function initialized (http://127.0.0.1:5001/honours-project-24ce1/us-central1/testing). {"metadata":{"emulator":{"name":"functions"},"message":"\u001b[1mhttp\u001b[22m function initialized (http://127.0.0.1:5001/honours-project-24ce1/us-central1/testing)."}}
[info] +  functions[us-central1-app]: http function initialized (http://127.0.0.1:5001/honours-project-24ce1/us-central1/app). {"metadata":{"emulator":{"name":"functions"},"message":"\u001b[1mhttp\u001b[22m function initialized (http://127.0.0.1:5001/honours-project-24ce1/us-central1/app)."}}
[info] 
┌─────────────────────────────────────────────────────────────┐
│ ✔  All emulators ready! It is now safe to connect your app. │
│ i  View Emulator UI at http://127.0.0.1:4000/               │
└─────────────────────────────────────────────────────────────┘

┌───────────┬────────────────┬─────────────────────────────────┐
│ Emulator  │ Host:Port      │ View in Emulator UI             │
├───────────┼────────────────┼─────────────────────────────────┤
│ Functions │ 127.0.0.1:5001 │ http://127.0.0.1:4000/functions │
└───────────┴────────────────┴─────────────────────────────────┘
  Emulator Hub running at 127.0.0.1:4400
  Other reserved ports: 4500

Issues? Report them at https://github.com/firebase/firebase-tools/issues and attach the *-debug.log files.
 
[debug] [2023-03-31T18:13:06.530Z] [work-queue] {"queuedWork":["/honours-project-24ce1/us-central1/testing-2023-03-31T18:13:06.530Z"],"queueLength":1,"runningWork":[],"workRunningCount":0}
[debug] [2023-03-31T18:13:06.531Z] [work-queue] {"queuedWork":[],"queueLength":0,"runningWork":["/honours-project-24ce1/us-central1/testing-2023-03-31T18:13:06.530Z"],"workRunningCount":1}
[debug] [2023-03-31T18:13:06.531Z] Accepted request GET /honours-project-24ce1/us-central1/testing --> us-central1-testing
[debug] [2023-03-31T18:13:06.536Z] [functions] Runtime ready! Sending request! {"metadata":{"emulator":{"name":"functions"},"message":"[functions] Runtime ready! Sending request!"}}
[debug] [2023-03-31T18:13:06.537Z] [functions] Got req.url=/honours-project-24ce1/us-central1/testing, mapping to path=/ {"metadata":{"emulator":{"name":"functions"},"message":"[functions] Got req.url=/honours-project-24ce1/us-central1/testing, mapping to path=/"}}
[debug] [2023-03-31T18:13:06.543Z] [worker-pool] addWorker(us-central1-testing) {"metadata":{"emulator":{"name":"functions"},"message":"[worker-pool] addWorker(us-central1-testing)"}}
[debug] [2023-03-31T18:13:06.544Z] [worker-pool] Adding worker with key us-central1-testing, total=1 {"metadata":{"emulator":{"name":"functions"},"message":"[worker-pool] Adding worker with key us-central1-testing, total=1"}}
[debug] [2023-03-31T18:13:07.528Z] [runtime-status] [7964] Resolved module firebase-admin {"declared":true,"installed":true,"version":"11.5.0","resolution":"C:\\Users\\Mayan\\Documents\\Code\\School Work\\HonoursProject\\functions\\node_modules\\firebase-admin\\lib\\index.js"} {"metadata":{"emulator":{"name":"functions"},"function":{"name":"us-central1-testing"},"extension":{},"message":"[runtime-status] [7964] Resolved module firebase-admin {\"declared\":true,\"installed\":true,\"version\":\"11.5.0\",\"resolution\":\"C:\\\\Users\\\\Mayan\\\\Documents\\\\Code\\\\School Work\\\\HonoursProject\\\\functions\\\\node_modules\\\\firebase-admin\\\\lib\\\\index.js\"}"}}
[debug] [2023-03-31T18:13:07.529Z] [runtime-status] [7964] Resolved module firebase-functions {"declared":true,"installed":true,"version":"4.2.1","resolution":"C:\\Users\\Mayan\\Documents\\Code\\School Work\\HonoursProject\\functions\\node_modules\\firebase-functions\\lib\\v1\\index.js"} {"metadata":{"emulator":{"name":"functions"},"function":{"name":"us-central1-testing"},"extension":{},"message":"[runtime-status] [7964] Resolved module firebase-functions {\"declared\":true,\"installed\":true,\"version\":\"4.2.1\",\"resolution\":\"C:\\\\Users\\\\Mayan\\\\Documents\\\\Code\\\\School Work\\\\HonoursProject\\\\functions\\\\node_modules\\\\firebase-functions\\\\lib\\\\v1\\\\index.js\"}"}}
[debug] [2023-03-31T18:13:07.529Z] [runtime-status] [7964] Outgoing network have been stubbed. [{"name":"http","status":"mocked"},{"name":"http","status":"mocked"},{"name":"https","status":"mocked"},{"name":"https","status":"mocked"},{"name":"net","status":"mocked"}] {"metadata":{"emulator":{"name":"functions"},"function":{"name":"us-central1-testing"},"extension":{},"message":"[runtime-status] [7964] Outgoing network have been stubbed. [{\"name\":\"http\",\"status\":\"mocked\"},{\"name\":\"http\",\"status\":\"mocked\"},{\"name\":\"https\",\"status\":\"mocked\"},{\"name\":\"https\",\"status\":\"mocked\"},{\"name\":\"net\",\"status\":\"mocked\"}]"}}
[debug] [2023-03-31T18:13:07.530Z] [runtime-status] [7964] Resolved module firebase-functions {"declared":true,"installed":true,"version":"4.2.1","resolution":"C:\\Users\\Mayan\\Documents\\Code\\School Work\\HonoursProject\\functions\\node_modules\\firebase-functions\\lib\\v1\\index.js"} {"metadata":{"emulator":{"name":"functions"},"function":{"name":"us-central1-testing"},"extension":{},"message":"[runtime-status] [7964] Resolved module firebase-functions {\"declared\":true,\"installed\":true,\"version\":\"4.2.1\",\"resolution\":\"C:\\\\Users\\\\Mayan\\\\Documents\\\\Code\\\\School Work\\\\HonoursProject\\\\functions\\\\node_modules\\\\firebase-functions\\\\lib\\\\v1\\\\index.js\"}"}}
[debug] [2023-03-31T18:13:07.718Z] [runtime-status] [7964] Checked functions.config() {"config":{}} {"metadata":{"emulator":{"name":"functions"},"function":{"name":"us-central1-testing"},"extension":{},"message":"[runtime-status] [7964] Checked functions.config() {\"config\":{}}"}}
[debug] [2023-03-31T18:13:07.719Z] [runtime-status] [7964] firebase-functions has been stubbed. {"functionsResolution":{"declared":true,"installed":true,"version":"4.2.1","resolution":"C:\\Users\\Mayan\\Documents\\Code\\School Work\\HonoursProject\\functions\\node_modules\\firebase-functions\\lib\\v1\\index.js"}} {"metadata":{"emulator":{"name":"functions"},"function":{"name":"us-central1-testing"},"extension":{},"message":"[runtime-status] [7964] firebase-functions has been stubbed. {\"functionsResolution\":{\"declared\":true,\"installed\":true,\"version\":\"4.2.1\",\"resolution\":\"C:\\\\Users\\\\Mayan\\\\Documents\\\\Code\\\\School Work\\\\HonoursProject\\\\functions\\\\node_modules\\\\firebase-functions\\\\lib\\\\v1\\\\index.js\"}}"}}
[debug] [2023-03-31T18:13:07.719Z] [runtime-status] [7964] Resolved module firebase-functions {"declared":true,"installed":true,"version":"4.2.1","resolution":"C:\\Users\\Mayan\\Documents\\Code\\School Work\\HonoursProject\\functions\\node_modules\\firebase-functions\\lib\\v1\\index.js"} {"metadata":{"emulator":{"name":"functions"},"function":{"name":"us-central1-testing"},"extension":{},"message":"[runtime-status] [7964] Resolved module firebase-functions {\"declared\":true,\"installed\":true,\"version\":\"4.2.1\",\"resolution\":\"C:\\\\Users\\\\Mayan\\\\Documents\\\\Code\\\\School Work\\\\HonoursProject\\\\functions\\\\node_modules\\\\firebase-functions\\\\lib\\\\v1\\\\index.js\"}"}}
[debug] [2023-03-31T18:13:07.720Z] [runtime-status] [7964] Resolved module firebase-admin {"declared":true,"installed":true,"version":"11.5.0","resolution":"C:\\Users\\Mayan\\Documents\\Code\\School Work\\HonoursProject\\functions\\node_modules\\firebase-admin\\lib\\index.js"} {"metadata":{"emulator":{"name":"functions"},"function":{"name":"us-central1-testing"},"extension":{},"message":"[runtime-status] [7964] Resolved module firebase-admin {\"declared\":true,\"installed\":true,\"version\":\"11.5.0\",\"resolution\":\"C:\\\\Users\\\\Mayan\\\\Documents\\\\Code\\\\School Work\\\\HonoursProject\\\\functions\\\\node_modules\\\\firebase-admin\\\\lib\\\\index.js\"}"}}
[debug] [2023-03-31T18:13:07.722Z] [runtime-status] [7964] Resolved module firebase-functions {"declared":true,"installed":true,"version":"4.2.1","resolution":"C:\\Users\\Mayan\\Documents\\Code\\School Work\\HonoursProject\\functions\\node_modules\\firebase-functions\\lib\\v1\\index.js"} {"metadata":{"emulator":{"name":"functions"},"function":{"name":"us-central1-testing"},"extension":{},"message":"[runtime-status] [7964] Resolved module firebase-functions {\"declared\":true,\"installed\":true,\"version\":\"4.2.1\",\"resolution\":\"C:\\\\Users\\\\Mayan\\\\Documents\\\\Code\\\\School Work\\\\HonoursProject\\\\functions\\\\node_modules\\\\firebase-functions\\\\lib\\\\v1\\\\index.js\"}"}}
[debug] [2023-03-31T18:13:07.722Z] [runtime-status] [7964] firebase-admin has been stubbed. {"adminResolution":{"declared":true,"installed":true,"version":"11.5.0","resolution":"C:\\Users\\Mayan\\Documents\\Code\\School Work\\HonoursProject\\functions\\node_modules\\firebase-admin\\lib\\index.js"}} {"metadata":{"emulator":{"name":"functions"},"function":{"name":"us-central1-testing"},"extension":{},"message":"[runtime-status] [7964] firebase-admin has been stubbed. {\"adminResolution\":{\"declared\":true,\"installed\":true,\"version\":\"11.5.0\",\"resolution\":\"C:\\\\Users\\\\Mayan\\\\Documents\\\\Code\\\\School Work\\\\HonoursProject\\\\functions\\\\node_modules\\\\firebase-admin\\\\lib\\\\index.js\"}}"}}
[warn] !  It looks like you're trying to access functions.config().firebase but there is no value there. You can learn more about setting up config here: https://firebase.google.com/docs/functions/local-emulator {"metadata":{"emulator":{"name":"functions"},"function":{"name":"us-central1-testing"},"extension":{},"message":"It looks like you're trying to access functions.config().firebase but there is no value there. You can learn more about setting up config here: https://firebase.google.com/docs/functions/local-emulator"}}
[debug] [2023-03-31T18:13:07.916Z] [runtime-status] [7964] initializeApp(DEFAULT) {"storageBucket":"honours-project-24ce1.appspot.com","projectId":"honours-project-24ce1"} {"metadata":{"emulator":{"name":"functions"},"function":{"name":"us-central1-testing"},"extension":{},"message":"[runtime-status] [7964] initializeApp(DEFAULT) {\"storageBucket\":\"honours-project-24ce1.appspot.com\",\"projectId\":\"honours-project-24ce1\"}"}}
[debug] [2023-03-31T18:13:07.923Z] [runtime-status] [7964] Functions runtime initialized. {"cwd":"C:\\Users\\Mayan\\Documents\\Code\\School Work\\HonoursProject\\functions","node_version":"18.15.0"} {"metadata":{"emulator":{"name":"functions"},"function":{"name":"us-central1-testing"},"extension":{},"message":"[runtime-status] [7964] Functions runtime initialized. {\"cwd\":\"C:\\\\Users\\\\Mayan\\\\Documents\\\\Code\\\\School Work\\\\HonoursProject\\\\functions\",\"node_version\":\"18.15.0\"}"}}
[debug] [2023-03-31T18:13:07.923Z] [runtime-status] [7964] Listening to port: \\?\pipe\fire_emu_52a2fb065b1adfc0 {"metadata":{"emulator":{"name":"functions"},"function":{"name":"us-central1-testing"},"extension":{},"message":"[runtime-status] [7964] Listening to port: \\\\?\\pipe\\fire_emu_52a2fb065b1adfc0"}}
[debug] [2023-03-31T18:13:07.966Z] [worker-us-central1-testing-a65c2a02-fed1-4473-83bb-458fb0261060]: IDLE {"metadata":{"emulator":{"name":"functions"},"function":{"name":"us-central1-testing"},"extension":{},"message":"[worker-us-central1-testing-a65c2a02-fed1-4473-83bb-458fb0261060]: IDLE"}}
[debug] [2023-03-31T18:13:07.966Z] [worker-pool] submitRequest(triggerId=us-central1-testing) {"metadata":{"emulator":{"name":"functions"},"message":"[worker-pool] submitRequest(triggerId=us-central1-testing)"}}
[info] i  functions: Beginning execution of "us-central1-testing" {"metadata":{"emulator":{"name":"functions"},"function":{"name":"us-central1-testing"},"extension":{},"message":"Beginning execution of \"us-central1-testing\""}}
[debug] [2023-03-31T18:13:07.967Z] [worker-us-central1-testing-a65c2a02-fed1-4473-83bb-458fb0261060]: BUSY {"metadata":{"emulator":{"name":"functions"},"function":{"name":"us-central1-testing"},"extension":{},"message":"[worker-us-central1-testing-a65c2a02-fed1-4473-83bb-458fb0261060]: BUSY"}}
[debug] [2023-03-31T18:13:33.015Z] File C:\Users\Mayan\Documents\Code\School Work\HonoursProject\functions\index.js changed, reloading triggers {"metadata":{"emulator":{"name":"functions"},"message":"File C:\\Users\\Mayan\\Documents\\Code\\School Work\\HonoursProject\\functions\\index.js changed, reloading triggers"}}
[debug] [2023-03-31T18:13:34.020Z] Validating nodejs source
[debug] [2023-03-31T18:13:35.266Z] > [functions] package.json contents: {
  "name": "functions",
  "description": "Cloud Functions for Firebase",
  "scripts": {
    "serve": "firebase emulators:start --only functions",
    "shell": "firebase functions:shell",
    "start": "npm run shell",
    "deploy": "firebase deploy --only functions",
    "logs": "firebase functions:log"
  },
  "engines": {
    "node": "18"
  },
  "main": "index.js",
  "dependencies": {
    "express": "^4.18.2",
    "firebase-admin": "^11.5.0",
    "firebase-functions": "^4.2.0",
    "path": "^0.12.7",
    "querystring": "^0.2.1",
    "request": "^2.88.2"
  },
  "devDependencies": {
    "eslint": "^8.15.0",
    "eslint-config-google": "^0.14.0",
    "firebase-functions-test": "^3.0.0"
  },
  "private": true
}
[debug] [2023-03-31T18:13:35.266Z] Building nodejs source
[debug] [2023-03-31T18:13:35.266Z] Failed to find version of module node: reached end of search path C:\Users\Mayan\Documents\Code\School Work\HonoursProject\functions\node_modules
[info] +  functions: Using node@18 from host. 
[debug] [2023-03-31T18:13:35.267Z] Could not find functions.yaml. Must use http discovery
[debug] [2023-03-31T18:13:35.271Z] Found firebase-functions binary at 'C:\Users\Mayan\Documents\Code\School Work\HonoursProject\functions\node_modules\.bin\firebase-functions'
[debug] [2023-03-31T18:13:35.436Z] Serving at port 8114

[debug] [2023-03-31T18:13:35.760Z] Got response from /__/functions.yaml {"endpoints":{"testing":{"platform":"gcfv1","availableMemoryMb":null,"timeoutSeconds":null,"minInstances":null,"maxInstances":null,"ingressSettings":null,"serviceAccountEmail":null,"vpc":null,"httpsTrigger":{},"entryPoint":"testing"},"app":{"platform":"gcfv1","availableMemoryMb":null,"timeoutSeconds":null,"minInstances":null,"maxInstances":null,"ingressSettings":null,"serviceAccountEmail":null,"vpc":null,"httpsTrigger":{},"entryPoint":"app"}},"specVersion":"v1alpha1","requiredAPIs":[]}
[debug] [2023-03-31T18:13:35.763Z] shutdown requested via /__/quitquitquit

[info] +  functions: Loaded functions definitions from source: testing, app. {"metadata":{"emulator":{"name":"functions"},"message":"Loaded functions definitions from source: testing, app."}}
[debug] [2023-03-31T18:13:35.771Z] [worker-pool] Marking BUSY worker to finish (us-central1-testing) {"metadata":{"emulator":{"name":"functions"},"message":"[worker-pool] Marking BUSY worker to finish (us-central1-testing)"}}
[debug] [2023-03-31T18:13:35.771Z] [worker-us-central1-testing-a65c2a02-fed1-4473-83bb-458fb0261060]: FINISHING {"metadata":{"emulator":{"name":"functions"},"function":{"name":"us-central1-testing"},"extension":{},"message":"[worker-us-central1-testing-a65c2a02-fed1-4473-83bb-458fb0261060]: FINISHING"}}
[error] i  Your function timed out after ~60s. To configure this timeout, see
      https://firebase.google.com/docs/functions/manage-functions#set_timeout_and_memory_allocation. {"metadata":{"emulator":{"name":"functions"},"function":{"name":"us-central1-testing"},"extension":{},"message":"Your function timed out after ~60s. To configure this timeout, see\n      https://firebase.google.com/docs/functions/manage-functions#set_timeout_and_memory_allocation."}}
[error] i  Request to function failed: Error: socket hang up {"metadata":{"emulator":{"name":"functions"},"function":{"name":"us-central1-testing"},"extension":{},"message":"Request to function failed: Error: socket hang up"}}
[debug] [2023-03-31T18:14:07.981Z] [work-queue] {"queuedWork":[],"queueLength":0,"runningWork":[],"workRunningCount":0}
[debug] [2023-03-31T18:14:07.992Z] [worker-us-central1-testing-a65c2a02-fed1-4473-83bb-458fb0261060]: exited {"metadata":{"emulator":{"name":"functions"},"function":{"name":"us-central1-testing"},"extension":{},"message":"[worker-us-central1-testing-a65c2a02-fed1-4473-83bb-458fb0261060]: exited"}}
[debug] [2023-03-31T18:14:07.992Z] [worker-us-central1-testing-a65c2a02-fed1-4473-83bb-458fb0261060]: FINISHED {"metadata":{"emulator":{"name":"functions"},"function":{"name":"us-central1-testing"},"extension":{},"message":"[worker-us-central1-testing-a65c2a02-fed1-4473-83bb-458fb0261060]: FINISHED"}}
